{"message":"\n> teamcast-ui@0.1.0 start\n> next start\n\n","timestamp":"2025-08-02 06:01:39 +05:30","type":"out","process_id":0,"app_name":"teamcast-ui"}
{"message":"","timestamp":"2025-08-02 06:01:39 +05:30","type":"err","process_id":0,"app_name":"teamcast-ui"}
{"message":"","timestamp":"2025-08-02 06:01:39 +05:30","type":"out","process_id":0,"app_name":"teamcast-ui"}
{"message":"","timestamp":"2025-08-02 06:01:39 +05:30","type":"out","process_id":0,"app_name":"teamcast-ui"}
{"message":"\n> teamcast-ui@0.1.0 start\n> next start\n\n","timestamp":"2025-08-02 06:01:43 +05:30","type":"out","process_id":0,"app_name":"teamcast-ui"}
{"message":"","timestamp":"2025-08-02 06:01:44 +05:30","type":"err","process_id":0,"app_name":"teamcast-ui"}
{"message":"","timestamp":"2025-08-02 06:01:44 +05:30","type":"out","process_id":0,"app_name":"teamcast-ui"}
{"message":"","timestamp":"2025-08-02 06:01:44 +05:30","type":"out","process_id":0,"app_name":"teamcast-ui"}
{"message":"\n> teamcast-ui@0.1.0 start\n> next start\n\n","timestamp":"2025-08-02 06:01:47 +05:30","type":"out","process_id":1,"app_name":"teamcast-ui"}
{"message":"","timestamp":"2025-08-02 06:01:47 +05:30","type":"err","process_id":1,"app_name":"teamcast-ui"}
{"message":"","timestamp":"2025-08-02 06:01:47 +05:30","type":"out","process_id":1,"app_name":"teamcast-ui"}
{"message":"","timestamp":"2025-08-02 06:01:47 +05:30","type":"out","process_id":1,"app_name":"teamcast-ui"}
{"message":"\n> teamcast-ui@0.1.0 start\n> next start\n\n","timestamp":"2025-08-02 06:01:48 +05:30","type":"out","process_id":0,"app_name":"teamcast-ui"}
{"message":"","timestamp":"2025-08-02 06:01:48 +05:30","type":"err","process_id":0,"app_name":"teamcast-ui"}
{"message":"","timestamp":"2025-08-02 06:01:48 +05:30","type":"out","process_id":0,"app_name":"teamcast-ui"}
{"message":"","timestamp":"2025-08-02 06:01:48 +05:30","type":"out","process_id":0,"app_name":"teamcast-ui"}
{"message":"\n> teamcast-ui@0.1.0 start\n> next start\n\n","timestamp":"2025-08-02 06:01:51 +05:30","type":"out","process_id":1,"app_name":"teamcast-ui"}
{"message":"","timestamp":"2025-08-02 06:01:51 +05:30","type":"err","process_id":1,"app_name":"teamcast-ui"}
{"message":"","timestamp":"2025-08-02 06:01:51 +05:30","type":"out","process_id":1,"app_name":"teamcast-ui"}
{"message":"","timestamp":"2025-08-02 06:01:51 +05:30","type":"out","process_id":1,"app_name":"teamcast-ui"}
{"message":"\n> teamcast-ui@0.1.0 start\n> next start\n\n","timestamp":"2025-08-02 06:01:52 +05:30","type":"out","process_id":0,"app_name":"teamcast-ui"}
{"message":"","timestamp":"2025-08-02 06:01:53 +05:30","type":"err","process_id":0,"app_name":"teamcast-ui"}
{"message":"","timestamp":"2025-08-02 06:01:53 +05:30","type":"out","process_id":0,"app_name":"teamcast-ui"}
{"message":"","timestamp":"2025-08-02 06:01:53 +05:30","type":"out","process_id":0,"app_name":"teamcast-ui"}
{"message":"\n> teamcast-ui@0.1.0 start\n> next start\n\n","timestamp":"2025-08-02 06:01:56 +05:30","type":"out","process_id":1,"app_name":"teamcast-ui"}
{"message":"","timestamp":"2025-08-02 06:01:56 +05:30","type":"err","process_id":1,"app_name":"teamcast-ui"}
{"message":"","timestamp":"2025-08-02 06:01:56 +05:30","type":"out","process_id":1,"app_name":"teamcast-ui"}
{"message":"","timestamp":"2025-08-02 06:01:56 +05:30","type":"out","process_id":1,"app_name":"teamcast-ui"}
{"message":"\n> teamcast-ui@0.1.0 start\n> next start\n\n","timestamp":"2025-08-02 06:01:57 +05:30","type":"out","process_id":0,"app_name":"teamcast-ui"}
{"message":"","timestamp":"2025-08-02 06:01:57 +05:30","type":"err","process_id":0,"app_name":"teamcast-ui"}
{"message":"","timestamp":"2025-08-02 06:01:57 +05:30","type":"out","process_id":0,"app_name":"teamcast-ui"}
{"message":"\n> teamcast-ui@0.1.0 start\n> next start\n\n","timestamp":"2025-08-02 06:02:00 +05:30","type":"out","process_id":1,"app_name":"teamcast-ui"}
{"message":"","timestamp":"2025-08-02 06:02:00 +05:30","type":"err","process_id":1,"app_name":"teamcast-ui"}
{"message":"","timestamp":"2025-08-02 06:02:00 +05:30","type":"out","process_id":1,"app_name":"teamcast-ui"}
{"message":"\n> teamcast-ui@0.1.0 start\n> next start\n\n","timestamp":"2025-08-02 06:02:01 +05:30","type":"out","process_id":0,"app_name":"teamcast-ui"}
{"message":"","timestamp":"2025-08-02 06:02:01 +05:30","type":"err","process_id":0,"app_name":"teamcast-ui"}
{"message":"","timestamp":"2025-08-02 06:02:01 +05:30","type":"out","process_id":0,"app_name":"teamcast-ui"}
{"message":"","timestamp":"2025-08-02 06:02:01 +05:30","type":"out","process_id":0,"app_name":"teamcast-ui"}
{"message":"\n> teamcast-ui@0.1.0 start\n> next start\n\n","timestamp":"2025-08-02 06:02:05 +05:30","type":"out","process_id":1,"app_name":"teamcast-ui"}
{"message":"","timestamp":"2025-08-02 06:02:05 +05:30","type":"err","process_id":1,"app_name":"teamcast-ui"}
{"message":"","timestamp":"2025-08-02 06:02:05 +05:30","type":"out","process_id":1,"app_name":"teamcast-ui"}
{"message":"","timestamp":"2025-08-02 06:02:05 +05:30","type":"out","process_id":1,"app_name":"teamcast-ui"}
{"message":"\n> teamcast-ui@0.1.0 start\n> next start\n\n","timestamp":"2025-08-02 06:02:06 +05:30","type":"out","process_id":0,"app_name":"teamcast-ui"}
{"message":"","timestamp":"2025-08-02 06:02:06 +05:30","type":"err","process_id":0,"app_name":"teamcast-ui"}
{"message":"","timestamp":"2025-08-02 06:02:06 +05:30","type":"out","process_id":0,"app_name":"teamcast-ui"}
{"message":"","timestamp":"2025-08-02 06:02:06 +05:30","type":"out","process_id":0,"app_name":"teamcast-ui"}
{"message":"\n> teamcast-ui@0.1.0 start\n> next start\n\n","timestamp":"2025-08-02 06:02:09 +05:30","type":"out","process_id":1,"app_name":"teamcast-ui"}
{"message":"","timestamp":"2025-08-02 06:02:09 +05:30","type":"err","process_id":1,"app_name":"teamcast-ui"}
{"message":"","timestamp":"2025-08-02 06:02:09 +05:30","type":"out","process_id":1,"app_name":"teamcast-ui"}
{"message":"","timestamp":"2025-08-02 06:02:09 +05:30","type":"out","process_id":1,"app_name":"teamcast-ui"}
{"message":"\n> teamcast-ui@0.1.0 start\n> next start\n\n","timestamp":"2025-08-02 06:02:10 +05:30","type":"out","process_id":0,"app_name":"teamcast-ui"}
{"message":"","timestamp":"2025-08-02 06:02:10 +05:30","type":"err","process_id":0,"app_name":"teamcast-ui"}
{"message":"","timestamp":"2025-08-02 06:02:10 +05:30","type":"out","process_id":0,"app_name":"teamcast-ui"}
{"message":"","timestamp":"2025-08-02 06:02:10 +05:30","type":"out","process_id":0,"app_name":"teamcast-ui"}
{"message":"\n> teamcast-ui@0.1.0 start\n> next start\n\n","timestamp":"2025-08-02 06:02:13 +05:30","type":"out","process_id":1,"app_name":"teamcast-ui"}
{"message":"","timestamp":"2025-08-02 06:02:14 +05:30","type":"err","process_id":1,"app_name":"teamcast-ui"}
{"message":"","timestamp":"2025-08-02 06:02:14 +05:30","type":"out","process_id":1,"app_name":"teamcast-ui"}
{"message":"","timestamp":"2025-08-02 06:02:14 +05:30","type":"out","process_id":1,"app_name":"teamcast-ui"}
{"message":"\n> teamcast-ui@0.1.0 start\n> next start\n\n","timestamp":"2025-08-02 06:02:15 +05:30","type":"out","process_id":0,"app_name":"teamcast-ui"}
{"message":"","timestamp":"2025-08-02 06:02:15 +05:30","type":"err","process_id":0,"app_name":"teamcast-ui"}
{"message":"","timestamp":"2025-08-02 06:02:15 +05:30","type":"out","process_id":0,"app_name":"teamcast-ui"}
{"message":"","timestamp":"2025-08-02 06:02:15 +05:30","type":"out","process_id":0,"app_name":"teamcast-ui"}
{"message":"\n> teamcast-ui@0.1.0 start\n> next start\n\n","timestamp":"2025-08-02 06:02:18 +05:30","type":"out","process_id":1,"app_name":"teamcast-ui"}
{"message":"","timestamp":"2025-08-02 06:02:18 +05:30","type":"err","process_id":1,"app_name":"teamcast-ui"}
{"message":"","timestamp":"2025-08-02 06:02:18 +05:30","type":"out","process_id":1,"app_name":"teamcast-ui"}
{"message":"","timestamp":"2025-08-02 06:02:18 +05:30","type":"out","process_id":1,"app_name":"teamcast-ui"}
{"message":"\n> teamcast-ui@0.1.0 start\n> next start\n\n","timestamp":"2025-08-02 06:02:19 +05:30","type":"out","process_id":0,"app_name":"teamcast-ui"}
{"message":"","timestamp":"2025-08-02 06:02:19 +05:30","type":"err","process_id":0,"app_name":"teamcast-ui"}
{"message":"","timestamp":"2025-08-02 06:02:19 +05:30","type":"out","process_id":0,"app_name":"teamcast-ui"}
{"message":"","timestamp":"2025-08-02 06:02:19 +05:30","type":"out","process_id":0,"app_name":"teamcast-ui"}
{"message":"\n> teamcast-ui@0.1.0 start\n> next start\n\n","timestamp":"2025-08-02 06:02:22 +05:30","type":"out","process_id":1,"app_name":"teamcast-ui"}
{"message":"","timestamp":"2025-08-02 06:02:23 +05:30","type":"err","process_id":1,"app_name":"teamcast-ui"}
{"message":"","timestamp":"2025-08-02 06:02:23 +05:30","type":"out","process_id":1,"app_name":"teamcast-ui"}
{"message":"","timestamp":"2025-08-02 06:02:23 +05:30","type":"out","process_id":1,"app_name":"teamcast-ui"}
{"message":"\n> teamcast-ui@0.1.0 start\n> next start\n\n","timestamp":"2025-08-02 06:02:23 +05:30","type":"out","process_id":0,"app_name":"teamcast-ui"}
{"message":"","timestamp":"2025-08-02 06:02:24 +05:30","type":"err","process_id":0,"app_name":"teamcast-ui"}
{"message":"","timestamp":"2025-08-02 06:02:24 +05:30","type":"out","process_id":0,"app_name":"teamcast-ui"}
{"message":"","timestamp":"2025-08-02 06:02:24 +05:30","type":"out","process_id":0,"app_name":"teamcast-ui"}
{"message":"\n> teamcast-ui@0.1.0 start\n> next start\n\n","timestamp":"2025-08-02 06:02:27 +05:30","type":"out","process_id":1,"app_name":"teamcast-ui"}
{"message":"","timestamp":"2025-08-02 06:02:27 +05:30","type":"err","process_id":1,"app_name":"teamcast-ui"}
{"message":"","timestamp":"2025-08-02 06:02:27 +05:30","type":"out","process_id":1,"app_name":"teamcast-ui"}
{"message":"","timestamp":"2025-08-02 06:02:27 +05:30","type":"out","process_id":1,"app_name":"teamcast-ui"}
{"message":"\n> teamcast-ui@0.1.0 start\n> next start\n\n","timestamp":"2025-08-02 06:02:28 +05:30","type":"out","process_id":0,"app_name":"teamcast-ui"}
{"message":"","timestamp":"2025-08-02 06:02:28 +05:30","type":"err","process_id":0,"app_name":"teamcast-ui"}
{"message":"","timestamp":"2025-08-02 06:02:28 +05:30","type":"out","process_id":0,"app_name":"teamcast-ui"}
{"message":"","timestamp":"2025-08-02 06:02:28 +05:30","type":"out","process_id":0,"app_name":"teamcast-ui"}
{"message":"\n> teamcast-ui@0.1.0 start\n> next start\n\n","timestamp":"2025-08-02 06:02:31 +05:30","type":"out","process_id":1,"app_name":"teamcast-ui"}
{"message":"","timestamp":"2025-08-02 06:02:32 +05:30","type":"err","process_id":1,"app_name":"teamcast-ui"}
{"message":"","timestamp":"2025-08-02 06:02:32 +05:30","type":"out","process_id":1,"app_name":"teamcast-ui"}
{"message":"","timestamp":"2025-08-02 06:02:32 +05:30","type":"out","process_id":1,"app_name":"teamcast-ui"}
{"message":"\n> teamcast-ui@0.1.0 start\n> next start\n\n","timestamp":"2025-08-02 06:02:32 +05:30","type":"out","process_id":0,"app_name":"teamcast-ui"}
{"message":"","timestamp":"2025-08-02 06:02:33 +05:30","type":"err","process_id":0,"app_name":"teamcast-ui"}
{"message":"","timestamp":"2025-08-02 06:02:33 +05:30","type":"out","process_id":0,"app_name":"teamcast-ui"}
{"message":"","timestamp":"2025-08-02 06:02:33 +05:30","type":"out","process_id":0,"app_name":"teamcast-ui"}
{"message":"\n> teamcast-ui@0.1.0 start\n> next start\n\n","timestamp":"2025-08-02 06:02:36 +05:30","type":"out","process_id":1,"app_name":"teamcast-ui"}
{"message":"","timestamp":"2025-08-02 06:02:36 +05:30","type":"err","process_id":1,"app_name":"teamcast-ui"}
{"message":"","timestamp":"2025-08-02 06:02:36 +05:30","type":"out","process_id":1,"app_name":"teamcast-ui"}
{"message":"","timestamp":"2025-08-02 06:02:36 +05:30","type":"out","process_id":1,"app_name":"teamcast-ui"}
{"message":"\n> teamcast-ui@0.1.0 start\n> next start\n\n","timestamp":"2025-08-02 06:02:37 +05:30","type":"out","process_id":0,"app_name":"teamcast-ui"}
{"message":"","timestamp":"2025-08-02 06:02:37 +05:30","type":"err","process_id":0,"app_name":"teamcast-ui"}
{"message":"","timestamp":"2025-08-02 06:02:37 +05:30","type":"out","process_id":0,"app_name":"teamcast-ui"}
{"message":"","timestamp":"2025-08-02 06:02:37 +05:30","type":"out","process_id":0,"app_name":"teamcast-ui"}
{"message":"\n> teamcast-ui@0.1.0 start\n> next start\n\n","timestamp":"2025-08-02 06:02:40 +05:30","type":"out","process_id":1,"app_name":"teamcast-ui"}
{"message":"","timestamp":"2025-08-02 06:02:41 +05:30","type":"err","process_id":1,"app_name":"teamcast-ui"}
{"message":"","timestamp":"2025-08-02 06:02:41 +05:30","type":"out","process_id":1,"app_name":"teamcast-ui"}
{"message":"","timestamp":"2025-08-02 06:02:41 +05:30","type":"out","process_id":1,"app_name":"teamcast-ui"}
{"message":"\n> teamcast-ui@0.1.0 start\n> next start\n\n","timestamp":"2025-08-02 06:02:41 +05:30","type":"out","process_id":0,"app_name":"teamcast-ui"}
{"message":"","timestamp":"2025-08-02 06:02:42 +05:30","type":"err","process_id":0,"app_name":"teamcast-ui"}
{"message":"","timestamp":"2025-08-02 06:02:42 +05:30","type":"out","process_id":0,"app_name":"teamcast-ui"}
{"message":"","timestamp":"2025-08-02 06:02:42 +05:30","type":"out","process_id":0,"app_name":"teamcast-ui"}
{"message":"\n> teamcast-ui@0.1.0 start\n> next start\n\n","timestamp":"2025-08-02 06:02:45 +05:30","type":"out","process_id":1,"app_name":"teamcast-ui"}
{"message":"","timestamp":"2025-08-02 06:02:45 +05:30","type":"err","process_id":1,"app_name":"teamcast-ui"}
{"message":"","timestamp":"2025-08-02 06:02:45 +05:30","type":"out","process_id":1,"app_name":"teamcast-ui"}
{"message":"","timestamp":"2025-08-02 06:02:45 +05:30","type":"out","process_id":1,"app_name":"teamcast-ui"}
{"message":"\n> teamcast-ui@0.1.0 start\n> next start\n\n","timestamp":"2025-08-02 06:02:49 +05:30","type":"out","process_id":1,"app_name":"teamcast-ui"}
{"message":"","timestamp":"2025-08-02 06:02:50 +05:30","type":"err","process_id":1,"app_name":"teamcast-ui"}
{"message":"","timestamp":"2025-08-02 06:02:50 +05:30","type":"out","process_id":1,"app_name":"teamcast-ui"}
{"message":"","timestamp":"2025-08-02 06:02:50 +05:30","type":"out","process_id":1,"app_name":"teamcast-ui"}
{"message":"\n> teamcast-ui@0.1.0 start\n> next start\n\n","timestamp":"2025-08-02 06:05:43 +05:30","type":"out","process_id":0,"app_name":"teamcast-ui"}
{"message":"\n> teamcast-ui@0.1.0 start\n> next start\n\n","timestamp":"2025-08-02 06:05:51 +05:30","type":"out","process_id":1,"app_name":"teamcast-ui"}
{"message":"","timestamp":"2025-08-02 06:05:51 +05:30","type":"err","process_id":1,"app_name":"teamcast-ui"}
{"message":"","timestamp":"2025-08-02 06:05:51 +05:30","type":"out","process_id":1,"app_name":"teamcast-ui"}
{"message":"","timestamp":"2025-08-02 06:05:51 +05:30","type":"out","process_id":1,"app_name":"teamcast-ui"}
{"message":"\n> teamcast-ui@0.1.0 start\n> next start\n\n","timestamp":"2025-08-02 06:05:55 +05:30","type":"out","process_id":1,"app_name":"teamcast-ui"}
{"message":"","timestamp":"2025-08-02 06:05:55 +05:30","type":"err","process_id":1,"app_name":"teamcast-ui"}
{"message":"","timestamp":"2025-08-02 06:05:55 +05:30","type":"out","process_id":1,"app_name":"teamcast-ui"}
{"message":"\n> teamcast-ui@0.1.0 start\n> next start\n\n","timestamp":"2025-08-02 06:05:59 +05:30","type":"out","process_id":1,"app_name":"teamcast-ui"}
{"message":"","timestamp":"2025-08-02 06:06:00 +05:30","type":"err","process_id":1,"app_name":"teamcast-ui"}
{"message":"","timestamp":"2025-08-02 06:06:00 +05:30","type":"out","process_id":1,"app_name":"teamcast-ui"}
{"message":"","timestamp":"2025-08-02 06:06:00 +05:30","type":"out","process_id":1,"app_name":"teamcast-ui"}
{"message":"\n> teamcast-ui@0.1.0 start\n> next start\n\n","timestamp":"2025-08-02 06:06:04 +05:30","type":"out","process_id":1,"app_name":"teamcast-ui"}
{"message":"","timestamp":"2025-08-02 06:06:04 +05:30","type":"err","process_id":1,"app_name":"teamcast-ui"}
{"message":"","timestamp":"2025-08-02 06:06:04 +05:30","type":"out","process_id":1,"app_name":"teamcast-ui"}
{"message":"","timestamp":"2025-08-02 06:06:04 +05:30","type":"out","process_id":1,"app_name":"teamcast-ui"}
{"message":"\n> teamcast-ui@0.1.0 start\n> next start\n\n","timestamp":"2025-08-02 06:06:08 +05:30","type":"out","process_id":1,"app_name":"teamcast-ui"}
{"message":"","timestamp":"2025-08-02 06:06:09 +05:30","type":"err","process_id":1,"app_name":"teamcast-ui"}
{"message":"","timestamp":"2025-08-02 06:06:09 +05:30","type":"out","process_id":1,"app_name":"teamcast-ui"}
{"message":"\n> teamcast-ui@0.1.0 start\n> next start\n\n","timestamp":"2025-08-02 06:06:13 +05:30","type":"out","process_id":1,"app_name":"teamcast-ui"}
{"message":"","timestamp":"2025-08-02 06:06:13 +05:30","type":"err","process_id":1,"app_name":"teamcast-ui"}
{"message":"","timestamp":"2025-08-02 06:06:13 +05:30","type":"out","process_id":1,"app_name":"teamcast-ui"}
{"message":"","timestamp":"2025-08-02 06:06:13 +05:30","type":"out","process_id":1,"app_name":"teamcast-ui"}
{"message":"\n> teamcast-ui@0.1.0 start\n> next start\n\n","timestamp":"2025-08-02 06:06:17 +05:30","type":"out","process_id":1,"app_name":"teamcast-ui"}
{"message":"","timestamp":"2025-08-02 06:06:17 +05:30","type":"err","process_id":1,"app_name":"teamcast-ui"}
{"message":"","timestamp":"2025-08-02 06:06:17 +05:30","type":"out","process_id":1,"app_name":"teamcast-ui"}
{"message":"","timestamp":"2025-08-02 06:06:17 +05:30","type":"out","process_id":1,"app_name":"teamcast-ui"}
{"message":"\n> teamcast-ui@0.1.0 start\n> next start\n\n","timestamp":"2025-08-02 06:06:21 +05:30","type":"out","process_id":1,"app_name":"teamcast-ui"}
{"message":"","timestamp":"2025-08-02 06:06:22 +05:30","type":"err","process_id":1,"app_name":"teamcast-ui"}
{"message":"","timestamp":"2025-08-02 06:06:22 +05:30","type":"out","process_id":1,"app_name":"teamcast-ui"}
{"message":"","timestamp":"2025-08-02 06:06:22 +05:30","type":"out","process_id":1,"app_name":"teamcast-ui"}
{"message":"\n> teamcast-ui@0.1.0 start\n> next start\n\n","timestamp":"2025-08-02 06:06:26 +05:30","type":"out","process_id":1,"app_name":"teamcast-ui"}
{"message":"","timestamp":"2025-08-02 06:06:26 +05:30","type":"err","process_id":1,"app_name":"teamcast-ui"}
{"message":"","timestamp":"2025-08-02 06:06:26 +05:30","type":"out","process_id":1,"app_name":"teamcast-ui"}
{"message":"","timestamp":"2025-08-02 06:06:26 +05:30","type":"out","process_id":1,"app_name":"teamcast-ui"}
{"message":"\n> teamcast-ui@0.1.0 start\n> next start\n\n","timestamp":"2025-08-02 06:06:30 +05:30","type":"out","process_id":1,"app_name":"teamcast-ui"}
{"message":"","timestamp":"2025-08-02 06:06:30 +05:30","type":"err","process_id":1,"app_name":"teamcast-ui"}
{"message":"","timestamp":"2025-08-02 06:06:30 +05:30","type":"out","process_id":1,"app_name":"teamcast-ui"}
{"message":"","timestamp":"2025-08-02 06:06:30 +05:30","type":"out","process_id":1,"app_name":"teamcast-ui"}
{"message":"\n> teamcast-ui@0.1.0 start\n> next start\n\n","timestamp":"2025-08-02 06:06:35 +05:30","type":"out","process_id":1,"app_name":"teamcast-ui"}
{"message":"","timestamp":"2025-08-02 06:06:35 +05:30","type":"err","process_id":1,"app_name":"teamcast-ui"}
{"message":"","timestamp":"2025-08-02 06:06:35 +05:30","type":"out","process_id":1,"app_name":"teamcast-ui"}
{"message":"\n> teamcast-ui@0.1.0 start\n> next start\n\n","timestamp":"2025-08-02 06:06:39 +05:30","type":"out","process_id":1,"app_name":"teamcast-ui"}
{"message":"","timestamp":"2025-08-02 06:06:39 +05:30","type":"err","process_id":1,"app_name":"teamcast-ui"}
{"message":"","timestamp":"2025-08-02 06:06:39 +05:30","type":"out","process_id":1,"app_name":"teamcast-ui"}
{"message":"","timestamp":"2025-08-02 06:06:39 +05:30","type":"out","process_id":1,"app_name":"teamcast-ui"}
{"message":"\n> teamcast-ui@0.1.0 start\n> next start\n\n","timestamp":"2025-08-02 06:06:43 +05:30","type":"out","process_id":1,"app_name":"teamcast-ui"}
{"message":"","timestamp":"2025-08-02 06:06:44 +05:30","type":"err","process_id":1,"app_name":"teamcast-ui"}
{"message":"","timestamp":"2025-08-02 06:06:44 +05:30","type":"out","process_id":1,"app_name":"teamcast-ui"}
{"message":"","timestamp":"2025-08-02 06:06:44 +05:30","type":"out","process_id":1,"app_name":"teamcast-ui"}
{"message":"\n> teamcast-ui@0.1.0 start\n> next start\n\n","timestamp":"2025-08-02 06:06:48 +05:30","type":"out","process_id":1,"app_name":"teamcast-ui"}
{"message":"","timestamp":"2025-08-02 06:06:48 +05:30","type":"err","process_id":1,"app_name":"teamcast-ui"}
{"message":"","timestamp":"2025-08-02 06:06:48 +05:30","type":"out","process_id":1,"app_name":"teamcast-ui"}
{"message":"\n> teamcast-ui@0.1.0 start\n> next start\n\n","timestamp":"2025-08-02 06:06:52 +05:30","type":"out","process_id":1,"app_name":"teamcast-ui"}
{"message":"","timestamp":"2025-08-02 06:06:52 +05:30","type":"err","process_id":1,"app_name":"teamcast-ui"}
{"message":"","timestamp":"2025-08-02 06:06:52 +05:30","type":"out","process_id":1,"app_name":"teamcast-ui"}
{"message":"","timestamp":"2025-08-02 06:06:52 +05:30","type":"out","process_id":1,"app_name":"teamcast-ui"}
{"message":"","timestamp":"2025-08-02 06:07:05 +05:30","type":"err","process_id":0,"app_name":"teamcast-ui"}
{"message":"","timestamp":"2025-08-02 06:07:05 +05:30","type":"out","process_id":0,"app_name":"teamcast-ui"}
{"message":"","timestamp":"2025-08-02 06:07:05 +05:30","type":"out","process_id":0,"app_name":"teamcast-ui"}
{"message":" ⚠ \"next start\" does not work with \"output: standalone\" configuration. Use \"node .next/standalone/server.js\" instead.\n","timestamp":"2025-08-02 06:07:14 +05:30","type":"err","process_id":0,"app_name":"teamcast-ui"}
{"message":"> Ready on http://localhost:3000\n","timestamp":"2025-08-02 06:07:15 +05:30","type":"out","process_id":0,"app_name":"teamcast-ui"}
{"message":" ⚠ \"next start\" does not work with \"output: standalone\" configuration. Use \"node .next/standalone/server.js\" instead.\n","timestamp":"2025-08-02 06:07:15 +05:30","type":"err","process_id":1,"app_name":"teamcast-ui"}
{"message":"> Ready on http://localhost:3001\n","timestamp":"2025-08-02 06:07:15 +05:30","type":"out","process_id":1,"app_name":"teamcast-ui"}
